<?xml version="1.0" encoding="UTF-8"?>
<testsuite name="map.entities.ContainerEntitySpec" tests="8" skipped="0" failures="0" errors="0" timestamp="2017-12-24T10:10:22" hostname="8c85904d6ba6" time="0.085">
  <properties/>
  <testcase name="constructor argument should be set into fields and container has default behaviour" classname="map.entities.ContainerEntitySpec" time="0.049"/>
  <testcase name="container should take another element" classname="map.entities.ContainerEntitySpec" time="0.006"/>
  <testcase name="container should contain user character when user character is present" classname="map.entities.ContainerEntitySpec" time="0.012"/>
  <testcase name="container should not contain user character when user character is not present" classname="map.entities.ContainerEntitySpec" time="0.002"/>
  <testcase name="container should contain tasks when condition is true" classname="map.entities.ContainerEntitySpec" time="0.0"/>
  <testcase name="inner entity should be found when it matches condition" classname="map.entities.ContainerEntitySpec" time="0.002"/>
  <testcase name="IllegalStateException should be thrown when no entities match condition" classname="map.entities.ContainerEntitySpec" time="0.007"/>
  <testcase name="inner entity should relax together with root entity" classname="map.entities.ContainerEntitySpec" time="0.005"/>
  <system-out><![CDATA[]]></system-out>
  <system-err><![CDATA[]]></system-err>
</testsuite>
